0 info it worked if it ends with ok
1 verbose cli [ 'node',
1 verbose cli   '/usr/local/bin/npm',
1 verbose cli   'i',
1 verbose cli   'watchify',
1 verbose cli   '6to5ify',
1 verbose cli   'browserify',
1 verbose cli   'react',
1 verbose cli   '--save-dev' ]
2 info using npm@1.4.28
3 info using node@v0.10.33
4 warn package.json coopdj-react@1.0.0 No repository field.
5 verbose readDependencies using package.json deps
6 verbose cache add [ 'watchify', null ]
7 verbose cache add name=undefined spec="watchify" args=["watchify",null]
8 verbose parsed url { protocol: null,
8 verbose parsed url   slashes: null,
8 verbose parsed url   auth: null,
8 verbose parsed url   host: null,
8 verbose parsed url   port: null,
8 verbose parsed url   hostname: null,
8 verbose parsed url   hash: null,
8 verbose parsed url   search: null,
8 verbose parsed url   query: null,
8 verbose parsed url   pathname: 'watchify',
8 verbose parsed url   path: 'watchify',
8 verbose parsed url   href: 'watchify' }
9 verbose cache add [ '6to5ify', null ]
10 verbose cache add name=undefined spec="6to5ify" args=["6to5ify",null]
11 verbose parsed url { protocol: null,
11 verbose parsed url   slashes: null,
11 verbose parsed url   auth: null,
11 verbose parsed url   host: null,
11 verbose parsed url   port: null,
11 verbose parsed url   hostname: null,
11 verbose parsed url   hash: null,
11 verbose parsed url   search: null,
11 verbose parsed url   query: null,
11 verbose parsed url   pathname: '6to5ify',
11 verbose parsed url   path: '6to5ify',
11 verbose parsed url   href: '6to5ify' }
12 verbose cache add [ 'browserify', null ]
13 verbose cache add name=undefined spec="browserify" args=["browserify",null]
14 verbose parsed url { protocol: null,
14 verbose parsed url   slashes: null,
14 verbose parsed url   auth: null,
14 verbose parsed url   host: null,
14 verbose parsed url   port: null,
14 verbose parsed url   hostname: null,
14 verbose parsed url   hash: null,
14 verbose parsed url   search: null,
14 verbose parsed url   query: null,
14 verbose parsed url   pathname: 'browserify',
14 verbose parsed url   path: 'browserify',
14 verbose parsed url   href: 'browserify' }
15 verbose cache add [ 'react', null ]
16 verbose cache add name=undefined spec="react" args=["react",null]
17 verbose parsed url { protocol: null,
17 verbose parsed url   slashes: null,
17 verbose parsed url   auth: null,
17 verbose parsed url   host: null,
17 verbose parsed url   port: null,
17 verbose parsed url   hostname: null,
17 verbose parsed url   hash: null,
17 verbose parsed url   search: null,
17 verbose parsed url   query: null,
17 verbose parsed url   pathname: 'react',
17 verbose parsed url   path: 'react',
17 verbose parsed url   href: 'react' }
18 silly lockFile f821d843-watchify watchify
19 verbose lock watchify /Users/ricardocanastro/.npm/f821d843-watchify.lock
20 silly lockFile ea4dbbc0-6to5ify 6to5ify
21 verbose lock 6to5ify /Users/ricardocanastro/.npm/ea4dbbc0-6to5ify.lock
22 silly lockFile 84c1c54e-browserify browserify
23 verbose lock browserify /Users/ricardocanastro/.npm/84c1c54e-browserify.lock
24 silly lockFile 6b810c90-react react
25 verbose lock react /Users/ricardocanastro/.npm/6b810c90-react.lock
26 silly lockFile ea4dbbc0-6to5ify 6to5ify
27 silly lockFile ea4dbbc0-6to5ify 6to5ify
28 silly lockFile f821d843-watchify watchify
29 silly lockFile f821d843-watchify watchify
30 silly lockFile 84c1c54e-browserify browserify
31 silly lockFile 84c1c54e-browserify browserify
32 silly lockFile 6b810c90-react react
33 silly lockFile 6b810c90-react react
34 verbose addNamed [ '6to5ify', '' ]
35 verbose addNamed [ null, '*' ]
36 silly lockFile c373368c-6to5ify 6to5ify@
37 verbose lock 6to5ify@ /Users/ricardocanastro/.npm/c373368c-6to5ify.lock
38 verbose addNamed [ 'watchify', '' ]
39 verbose addNamed [ null, '*' ]
40 silly lockFile 19227da7-watchify watchify@
41 verbose lock watchify@ /Users/ricardocanastro/.npm/19227da7-watchify.lock
42 verbose addNamed [ 'browserify', '' ]
43 verbose addNamed [ null, '*' ]
44 silly lockFile 80140245-browserify browserify@
45 verbose lock browserify@ /Users/ricardocanastro/.npm/80140245-browserify.lock
46 verbose addNamed [ 'react', '' ]
47 verbose addNamed [ null, '*' ]
48 silly lockFile 0baa5bb3-react react@
49 verbose lock react@ /Users/ricardocanastro/.npm/0baa5bb3-react.lock
50 silly addNameRange { name: 'watchify', range: '*', hasData: false }
51 silly addNameRange { name: 'browserify', range: '*', hasData: false }
52 silly addNameRange { name: '6to5ify', range: '*', hasData: false }
53 verbose request where is /6to5ify
54 verbose request registry http://registry.npm.dev.betfair/
55 verbose request id ee852661d556f697
56 verbose url raw /6to5ify
57 verbose url resolving [ 'http://registry.npm.dev.betfair/', './6to5ify' ]
58 verbose url resolved http://registry.npm.dev.betfair/6to5ify
59 verbose request where is http://registry.npm.dev.betfair/6to5ify
60 info trying registry request attempt 1 at 19:08:16
61 http GET http://registry.npm.dev.betfair/6to5ify
62 silly addNameRange { name: 'react', range: '*', hasData: false }
63 verbose request where is /react
64 verbose request registry http://registry.npm.dev.betfair/
65 verbose url raw /react
66 verbose url resolving [ 'http://registry.npm.dev.betfair/', './react' ]
67 verbose url resolved http://registry.npm.dev.betfair/react
68 verbose request where is http://registry.npm.dev.betfair/react
69 info trying registry request attempt 1 at 19:08:16
70 http GET http://registry.npm.dev.betfair/react
71 verbose request where is /watchify
72 verbose request registry http://registry.npm.dev.betfair/
73 verbose url raw /watchify
74 verbose url resolving [ 'http://registry.npm.dev.betfair/', './watchify' ]
75 verbose url resolved http://registry.npm.dev.betfair/watchify
76 verbose request where is http://registry.npm.dev.betfair/watchify
77 info trying registry request attempt 1 at 19:08:16
78 verbose etag "655HY0H6RM8A50DJJ13DW7MNB"
79 http GET http://registry.npm.dev.betfair/watchify
80 verbose request where is /browserify
81 verbose request registry http://registry.npm.dev.betfair/
82 verbose url raw /browserify
83 verbose url resolving [ 'http://registry.npm.dev.betfair/', './browserify' ]
84 verbose url resolved http://registry.npm.dev.betfair/browserify
85 verbose request where is http://registry.npm.dev.betfair/browserify
86 info trying registry request attempt 1 at 19:08:16
87 verbose etag "BDVXYS20D5AIR05GQ7DHCUJKW"
88 http GET http://registry.npm.dev.betfair/browserify
89 info retry will retry, error on last attempt: Error: getaddrinfo ENOTFOUND
90 info retry will retry, error on last attempt: Error: getaddrinfo ENOTFOUND
91 info retry will retry, error on last attempt: Error: getaddrinfo ENOTFOUND
92 info retry will retry, error on last attempt: Error: getaddrinfo ENOTFOUND
93 info trying registry request attempt 2 at 19:08:26
94 http GET http://registry.npm.dev.betfair/react
95 info trying registry request attempt 2 at 19:08:26
96 http GET http://registry.npm.dev.betfair/6to5ify
97 info trying registry request attempt 2 at 19:08:26
98 verbose etag "655HY0H6RM8A50DJJ13DW7MNB"
99 http GET http://registry.npm.dev.betfair/watchify
100 info retry will retry, error on last attempt: Error: getaddrinfo ENOTFOUND
101 info retry will retry, error on last attempt: Error: getaddrinfo ENOTFOUND
102 info retry will retry, error on last attempt: Error: getaddrinfo ENOTFOUND
103 info trying registry request attempt 2 at 19:08:26
104 verbose etag "BDVXYS20D5AIR05GQ7DHCUJKW"
105 http GET http://registry.npm.dev.betfair/browserify
106 info retry will retry, error on last attempt: Error: getaddrinfo ENOTFOUND
107 info trying registry request attempt 3 at 19:09:26
108 http GET http://registry.npm.dev.betfair/6to5ify
109 info trying registry request attempt 3 at 19:09:26
110 verbose etag "655HY0H6RM8A50DJJ13DW7MNB"
111 http GET http://registry.npm.dev.betfair/watchify
112 silly registry.get cb [ 304, undefined ]
113 verbose etag http://registry.npm.dev.betfair/watchify from cache
114 silly lockFile c373368c-6to5ify 6to5ify@
115 silly lockFile c373368c-6to5ify 6to5ify@
116 info trying registry request attempt 3 at 19:09:26
117 http GET http://registry.npm.dev.betfair/react
118 info trying registry request attempt 3 at 19:09:26
119 verbose etag "BDVXYS20D5AIR05GQ7DHCUJKW"
120 http GET http://registry.npm.dev.betfair/browserify
121 silly lockFile 0baa5bb3-react react@
122 silly lockFile 0baa5bb3-react react@
123 silly registry.get cb [ 304, undefined ]
124 verbose etag http://registry.npm.dev.betfair/browserify from cache
125 silly addNameRange number 2 { name: 'watchify', range: '*', hasData: true }
126 silly addNameRange versions [ 'watchify',
126 silly addNameRange   [ '0.0.0',
126 silly addNameRange     '0.0.1',
126 silly addNameRange     '0.1.0',
126 silly addNameRange     '0.2.0',
126 silly addNameRange     '0.3.0',
126 silly addNameRange     '0.4.0',
126 silly addNameRange     '0.4.1',
126 silly addNameRange     '0.5.0',
126 silly addNameRange     '0.5.1',
126 silly addNameRange     '0.5.2',
126 silly addNameRange     '0.5.3',
126 silly addNameRange     '0.5.4',
126 silly addNameRange     '0.5.5',
126 silly addNameRange     '0.5.6',
126 silly addNameRange     '0.6.0',
126 silly addNameRange     '0.6.1',
126 silly addNameRange     '0.6.2',
126 silly addNameRange     '0.6.3',
126 silly addNameRange     '0.6.4',
126 silly addNameRange     '0.7.0',
126 silly addNameRange     '0.7.1',
126 silly addNameRange     '0.7.2',
126 silly addNameRange     '0.8.0',
126 silly addNameRange     '0.8.1',
126 silly addNameRange     '0.8.2',
126 silly addNameRange     '0.8.3',
126 silly addNameRange     '0.9.0',
126 silly addNameRange     '0.10.0',
126 silly addNameRange     '0.10.1',
126 silly addNameRange     '0.10.2',
126 silly addNameRange     '1.0.0',
126 silly addNameRange     '1.0.1',
126 silly addNameRange     '1.0.2',
126 silly addNameRange     '1.0.3',
126 silly addNameRange     '1.0.4',
126 silly addNameRange     '1.0.5',
126 silly addNameRange     '1.0.6',
126 silly addNameRange     '2.0.0',
126 silly addNameRange     '2.1.0',
126 silly addNameRange     '2.1.1',
126 silly addNameRange     '2.2.0',
126 silly addNameRange     '2.2.1',
126 silly addNameRange     '2.3.0',
126 silly addNameRange     '2.4.0',
126 silly addNameRange     '2.5.0',
126 silly addNameRange     '2.6.0',
126 silly addNameRange     '2.6.1',
126 silly addNameRange     '2.6.2',
126 silly addNameRange     '3.0.0',
126 silly addNameRange     '3.0.1',
126 silly addNameRange     '3.1.0',
126 silly addNameRange     '3.1.1',
126 silly addNameRange     '3.1.2',
126 silly addNameRange     '3.2.0',
126 silly addNameRange     '3.2.1',
126 silly addNameRange     '3.2.2',
126 silly addNameRange     '3.2.3',
126 silly addNameRange     '3.3.0' ] ]
127 verbose addNamed [ 'watchify', '3.3.0' ]
128 verbose addNamed [ '3.3.0', '3.3.0' ]
129 silly lockFile c458884c-watchify-3-3-0 watchify@3.3.0
130 verbose lock watchify@3.3.0 /Users/ricardocanastro/.npm/c458884c-watchify-3-3-0.lock
131 silly addNameRange number 2 { name: 'browserify', range: '*', hasData: true }
132 silly addNameRange versions [ 'browserify',
132 silly addNameRange   [ '0.0.1',
132 silly addNameRange     '0.0.2',
132 silly addNameRange     '0.0.3',
132 silly addNameRange     '0.0.4',
132 silly addNameRange     '0.0.5',
132 silly addNameRange     '0.1.0',
132 silly addNameRange     '0.1.1',
132 silly addNameRange     '0.1.2',
132 silly addNameRange     '0.1.3',
132 silly addNameRange     '0.1.4',
132 silly addNameRange     '0.1.5',
132 silly addNameRange     '0.2.0',
132 silly addNameRange     '0.2.1',
132 silly addNameRange     '0.2.2',
132 silly addNameRange     '0.2.3',
132 silly addNameRange     '0.2.4',
132 silly addNameRange     '0.2.5',
132 silly addNameRange     '0.2.6',
132 silly addNameRange     '0.2.7',
132 silly addNameRange     '0.2.8',
132 silly addNameRange     '0.2.9',
132 silly addNameRange     '0.2.10',
132 silly addNameRange     '0.2.11',
132 silly addNameRange     '0.3.0',
132 silly addNameRange     '0.3.1',
132 silly addNameRange     '0.3.2',
132 silly addNameRange     '0.3.3',
132 silly addNameRange     '0.3.4',
132 silly addNameRange     '0.3.5',
132 silly addNameRange     '0.3.6',
132 silly addNameRange     '0.3.7',
132 silly addNameRange     '0.4.0',
132 silly addNameRange     '0.4.1',
132 silly addNameRange     '0.4.2',
132 silly addNameRange     '0.4.3',
132 silly addNameRange     '0.4.4',
132 silly addNameRange     '0.4.5',
132 silly addNameRange     '0.4.6',
132 silly addNameRange     '0.4.7',
132 silly addNameRange     '0.4.8',
132 silly addNameRange     '0.4.9',
132 silly addNameRange     '0.4.10',
132 silly addNameRange     '0.4.11',
132 silly addNameRange     '0.4.12',
132 silly addNameRange     '0.4.13',
132 silly addNameRange     '0.4.14',
132 silly addNameRange     '0.4.15',
132 silly addNameRange     '0.5.0',
132 silly addNameRange     '0.5.1',
132 silly addNameRange     '0.5.2',
132 silly addNameRange     '1.0.0',
132 silly addNameRange     '1.1.0',
132 silly addNameRange     '1.1.1',
132 silly addNameRange     '1.1.2',
132 silly addNameRange     '1.1.3',
132 silly addNameRange     '1.1.4',
132 silly addNameRange     '1.2.0',
132 silly addNameRange     '1.2.1',
132 silly addNameRange     '1.2.2',
132 silly addNameRange     '1.2.3',
132 silly addNameRange     '1.2.4',
132 silly addNameRange     '1.2.5',
132 silly addNameRange     '1.2.6',
132 silly addNameRange     '1.2.7',
132 silly addNameRange     '1.2.8',
132 silly addNameRange     '1.2.9',
132 silly addNameRange     '1.3.0',
132 silly addNameRange     '1.4.0',
132 silly addNameRange     '1.4.1',
132 silly addNameRange     '1.4.2',
132 silly addNameRange     '1.4.3',
132 silly addNameRange     '1.4.4',
132 silly addNameRange     '1.4.5',
132 silly addNameRange     '1.4.6',
132 silly addNameRange     '1.4.7',
132 silly addNameRange     '1.4.8',
132 silly addNameRange     '1.5.0',
132 silly addNameRange     '1.6.0',
132 silly addNameRange     '1.6.1',
132 silly addNameRange     '1.7.0',
132 silly addNameRange     '1.7.1',
132 silly addNameRange     '1.7.2',
132 silly addNameRange     '1.7.3',
132 silly addNameRange     '1.7.4',
132 silly addNameRange     '1.7.5',
132 silly addNameRange     '1.7.6',
132 silly addNameRange     '1.7.7',
132 silly addNameRange     '1.8.0',
132 silly addNameRange     '1.8.1',
132 silly addNameRange     '1.8.2',
132 silly addNameRange     '1.8.3',
132 silly addNameRange     '1.9.0',
132 silly addNameRange     '1.9.1',
132 silly addNameRange     '1.9.2',
132 silly addNameRange     '1.9.3',
132 silly addNameRange     '1.9.4',
132 silly addNameRange     '1.10.0',
132 silly addNameRange     '1.10.1',
132 silly addNameRange     '1.10.2',
132 silly addNameRange     '1.10.3',
132 silly addNameRange     '1.10.4',
132 silly addNameRange     '1.10.5',
132 silly addNameRange     '1.10.6',
132 silly addNameRange     '1.10.7',
132 silly addNameRange     '1.10.8',
132 silly addNameRange     '1.10.9',
132 silly addNameRange     '1.10.11',
132 silly addNameRange     '1.10.12',
132 silly addNameRange     '1.10.13',
132 silly addNameRange     '1.10.14',
132 silly addNameRange     '1.10.15',
132 silly addNameRange     '1.10.16',
132 silly addNameRange     '1.10.17',
132 silly addNameRange     '1.11.0',
132 silly addNameRange     '1.11.1',
132 silly addNameRange     '1.12.0',
132 silly addNameRange     '1.12.1',
132 silly addNameRange     '1.12.2',
132 silly addNameRange     '1.12.3',
132 silly addNameRange     '1.13.0',
132 silly addNameRange     '1.13.1',
132 silly addNameRange     '1.13.2',
132 silly addNameRange     '1.13.3',
132 silly addNameRange     '1.13.4',
132 silly addNameRange     '1.13.5',
132 silly addNameRange     '1.13.6',
132 silly addNameRange     '1.13.8',
132 silly addNameRange     '1.13.9',
132 silly addNameRange     '1.13.10',
132 silly addNameRange     '1.14.0',
132 silly addNameRange     '1.14.1',
132 silly addNameRange     '1.14.2',
132 silly addNameRange     '1.14.3',
132 silly addNameRange     '1.14.4',
132 silly addNameRange     '1.14.5',
132 silly addNameRange     '1.15.0',
132 silly addNameRange     '1.15.1',
132 silly addNameRange     '1.15.2',
132 silly addNameRange     '1.15.3',
132 silly addNameRange     '1.15.4',
132 silly addNameRange     '1.15.5',
132 silly addNameRange     '1.15.6',
132 silly addNameRange     '1.16.0',
132 silly addNameRange     '1.16.1',
132 silly addNameRange     '1.16.2',
132 silly addNameRange     '1.16.3',
132 silly addNameRange     '1.16.4',
132 silly addNameRange     '1.16.5',
132 silly addNameRange     '1.16.6',
132 silly addNameRange     '1.16.7',
132 silly addNameRange     '1.16.8',
132 silly addNameRange     '1.17.0',
132 silly addNameRange     '1.17.1',
132 silly addNameRange     '1.17.2',
132 silly addNameRange     '1.17.3',
132 silly addNameRange     '1.18.0',
132 silly addNameRange     '2.0.0',
132 silly addNameRange     '2.0.1',
132 silly addNameRange     '2.1.0',
132 silly addNameRange     '2.2.0',
132 silly addNameRange     '2.2.1',
132 silly addNameRange     '2.2.2',
132 silly addNameRange     '2.2.3',
132 silly addNameRange     '2.2.4',
132 silly addNameRange     '2.2.5',
132 silly addNameRange     '2.2.6',
132 silly addNameRange     '2.3.0',
132 silly addNameRange     '2.3.1',
132 silly addNameRange     '2.4.0',
132 silly addNameRange     '2.4.1',
132 silly addNameRange     '2.4.2',
132 silly addNameRange     '2.4.3',
132 silly addNameRange     '2.5.0',
132 silly addNameRange     '2.5.1',
132 silly addNameRange     '2.6.0',
132 silly addNameRange     '2.6.1',
132 silly addNameRange     '2.7.0',
132 silly addNameRange     '2.7.1',
132 silly addNameRange     '2.7.2',
132 silly addNameRange     '2.7.3',
132 silly addNameRange     '2.7.4',
132 silly addNameRange     '2.8.0',
132 silly addNameRange     '2.8.1',
132 silly addNameRange     '2.9.0',
132 silly addNameRange     '2.10.0',
132 silly addNameRange     '2.10.1',
132 silly addNameRange     '2.10.2',
132 silly addNameRange     '2.11.0',
132 silly addNameRange     '2.12.0',
132 silly addNameRange     '2.12.1',
132 silly addNameRange     '2.12.2',
132 silly addNameRange     '2.12.3',
132 silly addNameRange     '2.12.4',
132 silly addNameRange     '2.12.5',
132 silly addNameRange     '2.13.0',
132 silly addNameRange     '2.13.1',
132 silly addNameRange     '2.13.2',
132 silly addNameRange     '2.13.3',
132 silly addNameRange     '2.14.0',
132 silly addNameRange     '2.14.1',
132 silly addNameRange     '2.14.2',
132 silly addNameRange     '2.15.0',
132 silly addNameRange     '2.16.0',
132 silly addNameRange     '2.17.0',
132 silly addNameRange     '2.17.1',
132 silly addNameRange     '2.17.2',
132 silly addNameRange     '2.17.3',
132 silly addNameRange     '2.17.4',
132 silly addNameRange     '2.18.0',
132 silly addNameRange     '2.18.1',
132 silly addNameRange     '2.19.0',
132 silly addNameRange     '2.20.0',
132 silly addNameRange     '2.20.1',
132 silly addNameRange     '2.20.2',
132 silly addNameRange     '2.21.0',
132 silly addNameRange     '2.22.0',
132 silly addNameRange     '2.23.0',
132 silly addNameRange     '2.23.1',
132 silly addNameRange     '2.24.0',
132 silly addNameRange     '2.24.1',
132 silly addNameRange     '2.24.2',
132 silly addNameRange     '2.24.3',
132 silly addNameRange     '2.25.0',
132 silly addNameRange     '2.25.1',
132 silly addNameRange     '2.26.0',
132 silly addNameRange     '2.27.0',
132 silly addNameRange     '2.27.1',
132 silly addNameRange     '2.28.0',
132 silly addNameRange     '2.29.0',
132 silly addNameRange     '2.29.1',
132 silly addNameRange     '2.30.0',
132 silly addNameRange     '2.31.0',
132 silly addNameRange     '2.32.0',
132 silly addNameRange     '2.32.1',
132 silly addNameRange     '2.32.2',
132 silly addNameRange     '2.32.3',
132 silly addNameRange     '2.32.4',
132 silly addNameRange     '2.33.0',
132 silly addNameRange     '2.33.1',
132 silly addNameRange     '2.34.0',
132 silly addNameRange     '2.34.1',
132 silly addNameRange     '2.34.2',
132 silly addNameRange     '2.34.3',
132 silly addNameRange     '2.35.0',
132 silly addNameRange     '2.35.1',
132 silly addNameRange     '2.35.2',
132 silly addNameRange     '2.35.3',
132 silly addNameRange     '2.35.4',
132 silly addNameRange     '2.36.0',
132 silly addNameRange     '2.36.1',
132 silly addNameRange     '3.0.0',
132 silly addNameRange     '3.1.0',
132 silly addNameRange     '3.1.1',
132 silly addNameRange     '3.1.2',
132 silly addNameRange     '3.1.3',
132 silly addNameRange     '3.2.0',
132 silly addNameRange     '3.2.1',
132 silly addNameRange     '3.2.2',
132 silly addNameRange     '3.3.0',
132 silly addNameRange     '3.4.0',
132 silly addNameRange     '3.4.1',
132 silly addNameRange     '3.5.0',
132 silly addNameRange     '3.6.0',
132 silly addNameRange     '3.7.0',
132 silly addNameRange     '3.8.0',
132 silly addNameRange     '3.8.1',
132 silly addNameRange     '3.9.0',
132 silly addNameRange     '3.9.1',
132 silly addNameRange     '3.10.0',
132 silly addNameRange     '3.11.0',
132 silly addNameRange     '3.11.1',
132 silly addNameRange     '3.12.0',
132 silly addNameRange     '3.13.0',
132 silly addNameRange     '3.14.0',
132 silly addNameRange     '3.14.1',
132 silly addNameRange     '3.16.0',
132 silly addNameRange     '3.16.1',
132 silly addNameRange     '3.17.0',
132 silly addNameRange     '3.18.0',
132 silly addNameRange     '3.19.0',
132 silly addNameRange     '3.19.1',
132 silly addNameRange     '3.20.0',
132 silly addNameRange     '3.20.1',
132 silly addNameRange     '3.20.2',
132 silly addNameRange     '3.21.0',
132 silly addNameRange     '3.21.1',
132 silly addNameRange     '3.22.0',
132 silly addNameRange     '3.22.1',
132 silly addNameRange     '3.23.0',
132 silly addNameRange     '3.23.1',
132 silly addNameRange     '3.24.0',
132 silly addNameRange     '3.24.1',
132 silly addNameRange     '3.24.2',
132 silly addNameRange     '3.24.3',
132 silly addNameRange     '3.24.4',
132 silly addNameRange     '3.24.5',
132 silly addNameRange     '3.24.6',
132 silly addNameRange     '3.24.7',
132 silly addNameRange     '3.24.8',
132 silly addNameRange     '3.24.9',
132 silly addNameRange     '3.24.10',
132 silly addNameRange     '3.24.11',
132 silly addNameRange     '3.24.13',
132 silly addNameRange     '3.25.0',
132 silly addNameRange     '3.25.1',
132 silly addNameRange     '3.25.2',
132 silly addNameRange     '3.26.0',
132 silly addNameRange     '3.27.0',
132 silly addNameRange     '3.27.1',
132 silly addNameRange     '3.28.0',
132 silly addNameRange     '3.28.1',
132 silly addNameRange     '3.28.2',
132 silly addNameRange     '3.29.0',
132 silly addNameRange     '3.29.1',
132 silly addNameRange     '3.30.0',
132 silly addNameRange     '3.30.1',
132 silly addNameRange     '3.30.2',
132 silly addNameRange     '3.30.3',
132 silly addNameRange     '3.30.4',
132 silly addNameRange     '3.31.0',
132 silly addNameRange     '3.31.1',
132 silly addNameRange     '3.31.2',
132 silly addNameRange     '3.32.0',
132 silly addNameRange     '3.32.1',
132 silly addNameRange     '3.33.0',
132 silly addNameRange     '3.33.1',
132 silly addNameRange     '3.34.0',
132 silly addNameRange     '3.35.0',
132 silly addNameRange     '3.36.0',
132 silly addNameRange     '3.36.1',
132 silly addNameRange     '3.37.0',
132 silly addNameRange     '3.37.1',
132 silly addNameRange     '3.37.2',
132 silly addNameRange     '3.38.0',
132 silly addNameRange     '3.38.1',
132 silly addNameRange     '3.39.0',
132 silly addNameRange     '3.40.0',
132 silly addNameRange     '3.40.1',
132 silly addNameRange     '3.40.2',
132 silly addNameRange     '3.40.3',
132 silly addNameRange     '3.40.4',
132 silly addNameRange     '3.41.0',
132 silly addNameRange     '3.42.0',
132 silly addNameRange     '3.43.0',
132 silly addNameRange     '3.44.0',
132 silly addNameRange     '3.44.1',
132 silly addNameRange     '3.44.2',
132 silly addNameRange     '3.45.0',
132 silly addNameRange     '3.46.0',
132 silly addNameRange     '3.46.1',
132 silly addNameRange     '4.0.0',
132 silly addNameRange     '4.1.0',
132 silly addNameRange     '4.1.1',
132 silly addNameRange     '4.1.2',
132 silly addNameRange     '4.1.3',
132 silly addNameRange     '4.1.4',
132 silly addNameRange     '4.1.5',
132 silly addNameRange     '4.1.6',
132 silly addNameRange     '4.1.7',
132 silly addNameRange     '4.1.8',
132 silly addNameRange     '4.1.9',
132 silly addNameRange     '4.1.10',
132 silly addNameRange     '4.1.11',
132 silly addNameRange     '4.2.0',
132 silly addNameRange     '4.2.1',
132 silly addNameRange     '4.2.2',
132 silly addNameRange     '4.2.3',
132 silly addNameRange     '5.0.0',
132 silly addNameRange     '5.0.1',
132 silly addNameRange     '5.0.2',
132 silly addNameRange     '5.0.3',
132 silly addNameRange     '5.0.4',
132 silly addNameRange     '5.0.5',
132 silly addNameRange     '5.0.6',
132 silly addNameRange     '5.0.7',
132 silly addNameRange     '5.0.8',
132 silly addNameRange     '5.1.0',
132 silly addNameRange     '5.1.1',
132 silly addNameRange     '5.2.0',
132 silly addNameRange     '5.2.1',
132 silly addNameRange     '5.3.0',
132 silly addNameRange     '5.4.0',
132 silly addNameRange     '5.4.1',
132 silly addNameRange     '5.4.2',
132 silly addNameRange     '5.5.0',
132 silly addNameRange     '5.6.0',
132 silly addNameRange     '5.6.1',
132 silly addNameRange     '5.7.0',
132 silly addNameRange     '5.8.0',
132 silly addNameRange     '5.9.0',
132 silly addNameRange     '5.9.1',
132 silly addNameRange     '5.9.2',
132 silly addNameRange     '5.9.3',
132 silly addNameRange     '5.10.0',
132 silly addNameRange     '5.10.1',
132 silly addNameRange     '5.11.0',
132 silly addNameRange     '5.11.1',
132 silly addNameRange     '5.11.2',
132 silly addNameRange     '5.12.0',
132 silly addNameRange     '5.12.1',
132 silly addNameRange     '5.12.2',
132 silly addNameRange     '5.13.0',
132 silly addNameRange     '5.13.1',
132 silly addNameRange     '6.0.0',
132 silly addNameRange     '6.0.1',
132 silly addNameRange     '6.0.2',
132 silly addNameRange     '6.0.3',
132 silly addNameRange     '6.1.0',
132 silly addNameRange     '6.1.1',
132 silly addNameRange     '6.1.2',
132 silly addNameRange     '6.2.0',
132 silly addNameRange     '6.3.0',
132 silly addNameRange     '6.3.1',
132 silly addNameRange     '6.3.2',
132 silly addNameRange     '6.3.3',
132 silly addNameRange     '6.3.4',
132 silly addNameRange     '7.0.0',
132 silly addNameRange     '7.0.1',
132 silly addNameRange     '7.0.2',
132 silly addNameRange     '7.0.3',
132 silly addNameRange     '7.1.0',
132 silly addNameRange     '8.0.0',
132 silly addNameRange     '8.0.1',
132 silly addNameRange     '8.0.2',
132 silly addNameRange     '8.0.3',
132 silly addNameRange     '8.1.0',
132 silly addNameRange     '8.1.1',
132 silly addNameRange     '8.1.2',
132 silly addNameRange     '8.1.3',
132 silly addNameRange     '9.0.0',
132 silly addNameRange     '9.0.1',
132 silly addNameRange     '9.0.2',
132 silly addNameRange     '9.0.3',
132 silly addNameRange     '9.0.4',
132 silly addNameRange     '9.0.5',
132 silly addNameRange     '9.0.6',
132 silly addNameRange     '9.0.7',
132 silly addNameRange     '9.0.8',
132 silly addNameRange     '10.0.0',
132 silly addNameRange     '10.1.0',
132 silly addNameRange     '10.1.1',
132 silly addNameRange     '10.1.2',
132 silly addNameRange     '10.1.3',
132 silly addNameRange     '10.2.0',
132 silly addNameRange     '10.2.1',
132 silly addNameRange     '10.2.3',
132 silly addNameRange     '10.2.4',
132 silly addNameRange     '10.2.5',
132 silly addNameRange     '10.2.6',
132 silly addNameRange     '11.0.0' ] ]
133 verbose addNamed [ 'browserify', '11.0.0' ]
134 verbose addNamed [ '11.0.0', '11.0.0' ]
135 silly lockFile a63c6b8a-browserify-11-0-0 browserify@11.0.0
136 verbose lock browserify@11.0.0 /Users/ricardocanastro/.npm/a63c6b8a-browserify-11-0-0.lock
137 silly lockFile c458884c-watchify-3-3-0 watchify@3.3.0
138 silly lockFile c458884c-watchify-3-3-0 watchify@3.3.0
139 silly lockFile 19227da7-watchify watchify@
140 silly lockFile 19227da7-watchify watchify@
141 silly lockFile a63c6b8a-browserify-11-0-0 browserify@11.0.0
142 silly lockFile a63c6b8a-browserify-11-0-0 browserify@11.0.0
143 silly lockFile 80140245-browserify browserify@
144 silly lockFile 80140245-browserify browserify@
145 error network getaddrinfo ENOTFOUND
145 error network This is most likely not a problem with npm itself
145 error network and is related to network connectivity.
145 error network In most cases you are behind a proxy or have bad network settings.
145 error network
145 error network If you are behind a proxy, please make sure that the
145 error network 'proxy' config is set properly.  See: 'npm help config'
146 error System Darwin 14.3.0
147 error command "node" "/usr/local/bin/npm" "i" "watchify" "6to5ify" "browserify" "react" "--save-dev"
148 error cwd /Users/ricardocanastro/dev/python/coopdj-react
149 error node -v v0.10.33
150 error npm -v 1.4.28
151 error syscall getaddrinfo
152 error code ENOTFOUND
153 error errno ENOTFOUND
154 verbose exit [ 1, true ]
